o:\fhl\lehre\2022-ws_betriebssysteme\praktikum\scheduling\debug\vc142.pdb
o:\fhl\lehre\2022-ws_betriebssysteme\praktikum\scheduling\debug\vc142.idb
d:\users\ole\academic\fhl\lehre\2022-ws_betriebssysteme\praktikum\scheduling\debug\vc142.pdb
d:\users\ole\academic\fhl\lehre\2022-ws_betriebssysteme\praktikum\scheduling\debug\vc142.idb
d:\users\ole\academic\fhl\lehre\2022-ws_betriebssysteme\praktikum\scheduling\debug\simruntime.obj
d:\users\ole\academic\fhl\lehre\2022-ws_betriebssysteme\praktikum\scheduling\debug\scheduler.obj
d:\users\ole\academic\fhl\lehre\2022-ws_betriebssysteme\praktikum\scheduling\debug\processcontrol.obj
d:\users\ole\academic\fhl\lehre\2022-ws_betriebssysteme\praktikum\scheduling\debug\main.obj
d:\users\ole\academic\fhl\lehre\2022-ws_betriebssysteme\praktikum\scheduling\debug\log.obj
d:\users\ole\academic\fhl\lehre\2022-ws_betriebssysteme\praktikum\scheduling\debug\dispatcher.obj
d:\users\ole\academic\fhl\lehre\2022-ws_betriebssysteme\praktikum\scheduling\debug\core.obj
c:\users\blaurock\academic\fhl\lehre\2022-ws_betriebssysteme\praktikum\scheduling\debug\scheduling.exe
c:\users\blaurock\academic\fhl\lehre\2022-ws_betriebssysteme\praktikum\scheduling\debug\scheduling.ilk
c:\users\blaurock\academic\fhl\lehre\2022-ws_betriebssysteme\praktikum\scheduling\debug\scheduling.pdb
d:\users\ole\academic\fhl\lehre\2022-ws_betriebssysteme\praktikum\scheduling\debug\scheduling.exe
d:\users\ole\academic\fhl\lehre\2022-ws_betriebssysteme\praktikum\scheduling\debug\scheduling.ilk
d:\users\ole\academic\fhl\lehre\2022-ws_betriebssysteme\praktikum\scheduling\debug\scheduling.pdb
c:\users\karen\desktop\besy\project\debug\core.obj
c:\users\karen\desktop\besy\project\debug\dispatcher.obj
c:\users\karen\desktop\besy\project\debug\log.obj
c:\users\karen\desktop\besy\project\debug\main.obj
c:\users\karen\desktop\besy\project\debug\processcontrol.obj
c:\users\karen\desktop\besy\project\debug\scheduler.obj
c:\users\karen\desktop\besy\project\debug\simruntime.obj
c:\users\karen\desktop\besy\project\debug\processcontrol.obj.enc
c:\users\karen\desktop\besy\project\debug\simruntime.obj.enc
c:\users\karen\desktop\besy\project\debug\scheduling.ilk
c:\users\karen\desktop\besy\project\debug\vc142.idb
c:\users\karen\desktop\besy\project\debug\scheduling.pdb
c:\users\karen\desktop\besy\project\debug\vc142.pdb
c:\users\karen\desktop\besy\project\debug\scheduling.exe
c:\users\karen\desktop\besy\project\debug\scheduling.tlog\cl.command.1.tlog
c:\users\karen\desktop\besy\project\debug\scheduling.tlog\cl.read.1.tlog
c:\users\karen\desktop\besy\project\debug\scheduling.tlog\cl.write.1.tlog
c:\users\karen\desktop\besy\project\debug\scheduling.tlog\link.command.1.tlog
c:\users\karen\desktop\besy\project\debug\scheduling.tlog\link.delete.1.tlog
c:\users\karen\desktop\besy\project\debug\scheduling.tlog\link.read.1.tlog
c:\users\karen\desktop\besy\project\debug\scheduling.tlog\link.write.1.tlog
